<?xml version="1.0" encoding="UTF-8"?>
<!-- Generated by org.testng.reporters.JUnitReportReporter -->
<testsuite hostname="Vijaya-1" failures="0" tests="1" name="abstraction.StatePolicy2" time="0.020" errors="0" timestamp="2023-11-24T16:13:20 IST" skipped="0">
  <testcase classname="abstraction.StatePolicy2" name="RulesToState" time="0.020"/>
  <system-out/>
</testsuite> <!-- abstraction.StatePolicy2 -->
