<?xml version="1.0" encoding="UTF-8"?>
<!-- Generated by org.testng.reporters.JUnitReportReporter -->
<testsuite hostname="Vijaya-1" failures="0" tests="2" name="testng.Test.GlobaSwitchl0" time="0.006" errors="0" timestamp="2023-11-08T14:24:36 IST" skipped="0">
  <testcase classname="testng.Test.GlobaSwitchl0" name="urShirtSize" time="0.002"/>
  <system-out/>
  <testcase classname="testng.Test.GlobaSwitchl0" name="SSGymWorkoutShcedule" time="0.004"/>
  <system-out/>
</testsuite> <!-- testng.Test.GlobaSwitchl0 -->
