<?xml version="1.0" encoding="UTF-8"?>
<!-- Generated by org.testng.reporters.JUnitReportReporter -->
<testsuite hostname="Vijaya-1" failures="0" tests="1" name="optimisedPackage.PlayJioCinemaOptimised" time="13.272" errors="0" timestamp="2023-11-03T12:02:58 IST" skipped="0">
  <testcase classname="optimisedPackage.PlayJioCinemaOptimised" name="playRecentEpisode" time="13.272"/>
  <system-out/>
</testsuite> <!-- optimisedPackage.PlayJioCinemaOptimised -->
