<?xml version="1.0" encoding="UTF-8"?>
<!-- Generated by org.testng.reporters.JUnitReportReporter -->
<testsuite hostname="Vijaya-1" failures="0" tests="1" name="optimisedPackage.JioCinemaErrorValidation" time="2.829" errors="0" timestamp="2023-11-07T13:01:15 IST" skipped="0">
  <testcase classname="optimisedPackage.JioCinemaErrorValidation" name="jioCInemaHomepageValidation" time="2.829"/>
  <system-out/>
</testsuite> <!-- optimisedPackage.JioCinemaErrorValidation -->
