<?xml version="1.0" encoding="UTF-8"?>
<!-- Generated by org.testng.reporters.JUnitReportReporter -->
<testsuite hostname="Vijaya-1" failures="0" tests="1" name="this_is_super.ChildClass" time="0.011" errors="0" timestamp="2023-12-11T16:12:53 IST" skipped="0">
  <testcase classname="this_is_super.ChildClass" name="run" time="0.011"/>
  <system-out/>
</testsuite> <!-- this_is_super.ChildClass -->
