<?xml version="1.0" encoding="UTF-8"?>
<!-- Generated by org.testng.reporters.JUnitReportReporter -->
<testsuite hostname="Vijaya-1" failures="0" tests="2" name="testng.Test.Global3" time="0.005" errors="0" timestamp="2023-11-08T14:24:36 IST" skipped="0">
  <testcase classname="testng.Test.Global3" name="testcase8" time="0.002"/>
  <system-out/>
  <testcase classname="testng.Test.Global3" name="testcase7" time="0.003"/>
  <system-out/>
</testsuite> <!-- testng.Test.Global3 -->
