<?xml version="1.0" encoding="UTF-8"?>
<!-- Generated by org.testng.reporters.JUnitReportReporter -->
<testsuite hostname="Vijaya-1" failures="0" tests="1" name="testng.Test.Global0" time="0.022" errors="0" timestamp="2023-11-07T16:28:36 IST" skipped="0">
  <testcase classname="testng.Test.Global0" name="SSGymWorkoutShcedule" time="0.022"/>
  <system-out/>
</testsuite> <!-- testng.Test.Global0 -->
