<?xml version="1.0" encoding="UTF-8"?>
<!-- Generated by org.testng.reporters.JUnitReportReporter -->
<testsuite hostname="Vijaya-1" failures="0" tests="4" name="testng.Test.Global1" time="0.049" errors="0" timestamp="2023-11-08T14:24:36 IST" skipped="0">
  <testcase classname="testng.Test.Global1" name="SSGymWorkoutShcedule" time="0.041"/>
  <system-out/>
  <testcase classname="testng.Test.Global1" name="main" time="0.003"/>
  <system-out/>
  <testcase classname="testng.Test.Global1" name="urShirtSize" time="0.002"/>
  <system-out/>
  <testcase classname="testng.Test.Global1" name="testcase2" time="0.003"/>
  <system-out/>
</testsuite> <!-- testng.Test.Global1 -->
