<?xml version="1.0" encoding="UTF-8"?>
<!-- Generated by org.testng.reporters.JUnitReportReporter -->
<testsuite hostname="Vijaya-1" failures="0" tests="1" name="testng.Test.Signal" time="0.011" errors="0" timestamp="2023-11-20T12:38:13 IST" skipped="0">
  <testcase classname="testng.Test.Signal" name="Red" time="0.011"/>
  <system-out/>
</testsuite> <!-- testng.Test.Signal -->
