<?xml version="1.0" encoding="UTF-8"?>
<!-- Generated by org.testng.reporters.JUnitReportReporter -->
<testsuite hostname="Vijaya-1" failures="0" tests="1" name="nonStatic.FindAreaOfCircle" time="0.020" errors="0" timestamp="2023-11-28T14:49:00 IST" skipped="0">
  <testcase classname="nonStatic.FindAreaOfCircle" name="Area" time="0.020"/>
  <system-out/>
</testsuite> <!-- nonStatic.FindAreaOfCircle -->
