<?xml version="1.0" encoding="UTF-8"?>
<!-- Generated by org.testng.reporters.JUnitReportReporter -->
<testsuite hostname="Vijaya-1" failures="0" tests="1" name="this_is_super.Main" time="0.021" errors="0" timestamp="2023-12-25T12:35:54 IST" skipped="0">
  <testcase classname="this_is_super.Main" name="run" time="0.021"/>
  <system-out/>
</testsuite> <!-- this_is_super.Main -->
