<?xml version="1.0" encoding="UTF-8"?>
<!-- Generated by org.testng.reporters.JUnitReportReporter -->
<testsuite hostname="Vijaya-1" failures="0" tests="1" name="nonStatic.LaptopDetails" time="0.021" errors="0" timestamp="2023-11-28T15:12:15 IST" skipped="0">
  <testcase classname="nonStatic.LaptopDetails" name="getUrQuotation" time="0.021"/>
  <system-out/>
</testsuite> <!-- nonStatic.LaptopDetails -->
