<?xml version="1.0" encoding="UTF-8"?>
<!-- Generated by org.testng.reporters.JUnitReportReporter -->
<testsuite hostname="Vijaya-1" failures="0" tests="1" name="testng.Test.StatePolicy" time="0.019" errors="0" timestamp="2023-11-24T18:01:29 IST" skipped="0">
  <testcase classname="testng.Test.StatePolicy" name="RulesToState" time="0.019"/>
  <system-out/>
</testsuite> <!-- testng.Test.StatePolicy -->
