<?xml version="1.0" encoding="UTF-8"?>
<!-- Generated by org.testng.reporters.JUnitReportReporter -->
<testsuite hostname="Vijaya-1" failures="0" tests="2" name="testng.Test.GlobalVarTest" time="0.004" errors="0" timestamp="2023-11-08T14:24:36 IST" skipped="1">
  <testcase classname="testng.Test.GlobalVarTest" name="name" time="0.004"/>
  <system-out/>
  <testcase classname="testng.Test.GlobalVarTest" name="testMethod1">
    <skipped/>
  </testcase> <!-- testMethod1 -->
  <system-out/>
</testsuite> <!-- testng.Test.GlobalVarTest -->
