<?xml version="1.0" encoding="UTF-8"?>
<!-- Generated by org.testng.reporters.JUnitReportReporter -->
<testsuite hostname="Vijaya-1" failures="0" tests="5" name="testng.Test.Global2" time="0.036" errors="0" timestamp="2023-11-08T14:24:36 IST" skipped="0">
  <testcase classname="testng.Test.Global2" name="testcase8" time="0.004"/>
  <system-out/>
  <testcase classname="testng.Test.Global2" name="testcase6" time="0.008"/>
  <system-out/>
  <testcase classname="testng.Test.Global2" name="testcase6" time="0.015"/>
  <system-out/>
  <testcase classname="testng.Test.Global2" name="testcase7" time="0.003"/>
  <system-out/>
  <testcase classname="testng.Test.Global2" name="testcase6" time="0.006"/>
  <system-out/>
</testsuite> <!-- testng.Test.Global2 -->
